<html>
<body>
<pre>
<h1>µVision Build Log</h1>
<h2>Project:</h2>
C:\Users\tejas\Documents\GitHub\EE445M\Lab4_4C123_FileSystem\Lab4.uvproj
Project File Date:  03/24/2018

<h2>Output:</h2>
Rebuild target 'Lab4'
assembling startup.s...
compiling PLL.c...
compiling ST7735.c...
compiling UART2.c...
compiling OS.c...
assembling osasm.s...
compiling ADC.c...
assembling cr4_fft_64_stm32.s...
compiling Interpreter.c...
compiling eDisk.c...
compiling efile.c...
efile.c(87): error:  #28: expression must have a constant value
        char dirName[length]; 
efile.c: 0 warnings, 1 error
compiling Lab4.c...
".\Lab4.axf" - 1 Error(s), 0 Warning(s).
Target not created
</pre>
</body>
</html>
ng Lab4.c...
".\Lab4.axf" - 2 Error(s), 0 Warning(s).
Target not created
r dirName[strlen(name)]; 
efile.c(235): error:  #140: too many arguments in function call
        dirIdx = compareName(name, length);
efile.c: 0 warnings, 4 errors
compiling Lab4.c...
".\Lab4.axf" - 4 Error(s), 0 Warning(s).
Target not created
ted
reeFile_idx , freeStartSector_idx;
efile.c: 2 warnings, 3 errors
compiling Lab4.c...
".\Lab4.axf" - 3 Error(s), 2 Warning(s).
Target not created
startSector = 0, lastSector = 0;
efile.c: 3 warnings, 3 errors
compiling Lab4.c...
".\Lab4.axf" - 3 Error(s), 3 Warning(s).
Target not created
c: 4 warnings, 3 errors
compiling Lab4.c...
".\Lab4.axf" - 3 Error(s), 4 Warning(s).
Target not created
 i, startSector, lastSector;
efile.c: 5 warnings, 3 errors
compiling Lab4.c...
".\Lab4.axf" - 3 Error(s), 5 Warning(s).
Target not created
