<html>
<body>
<pre>
<h1>µVision Build Log</h1>
<h2>Project:</h2>
C:\Users\oland\OneDrive - The University of Texas at Austin\Documents\UT\Spring2018\EE445M_Realtime_OS\EE445M\Lab5_Process Loading and Management\SDCFile.uvproj
Project File Date:  03/31/2018

<h2>Output:</h2>
Rebuild target 'SDCFile'
assembling startup.s...
compiling diskio.c...
compiling ff.c...
compiling PLL.c...
compiling SDCFile.c...
compiling loader.c...
loader.c(668): warning:  #111-D: statement is unreachable
    return -1;
loader.c(148): warning:  #177-D: function "swabo" was declared but never referenced
  static uint32_t swabo(uint32_t hl) {
loader.c(250): warning:  #177-D: function "readSegment" was declared but never referenced
  static int readSegment(ELFExec_t *e, int n, Elf32_Phdr *h, size_t nlen) {
loader.c(274): warning:  #177-D: function "typeStr" was declared but never referenced
  static const char *typeStr(int symt) {
loader.c: 4 warnings, 0 errors
compiling heap.c...
compiling UART2.c...
compiling OS.c...
compiling ST7735.c...
ST7735.c(668): warning:  #223-D: function "CS_Init" declared implicitly
    CS_Init();
ST7735.c: 1 warning, 0 errors
assembling OSasm.s...
compiling Interpreter.c...
linking...
Program Size: Code=15984 RO-data=2068 RW-data=244 ZI-data=10460  
".\SDCFile.axf" - 0 Error(s), 5 Warning(s).
Load "C:\\Users\\oland\\OneDrive - The University of Texas at Austin\\Documents\\UT\\Spring2018\\EE445M_Realtime_OS\\EE445M\\Lab5_Process Loading and Management\\SDCFile.axf" 
Connecting: Mode=JTAG, Speed=1000000Hz
Erase Done.
Programming Done.
Verify OK.
Load "C:\\Users\\oland\\OneDrive - The University of Texas at Austin\\Documents\\UT\\Spring2018\\EE445M_Realtime_OS\\EE445M\\Lab5_Process Loading and Management\\SDCFile.axf" 
Connecting: Mode=JTAG, Speed=1000000Hz
Erase Done.
Programming Done.
Verify OK.
Load "C:\\Users\\oland\\OneDrive - The University of Texas at Austin\\Documents\\UT\\Spring2018\\EE445M_Realtime_OS\\EE445M\\Lab5_Process Loading and Management\\SDCFile.axf" 
Connecting: Mode=JTAG, Speed=1000000Hz
Erase Done.
Programming Done.
Verify OK.
min, int32_t ymax);
ST7735.h(188): error:  #20: identifier "int32_t" is undefined
  void ST7735_PlotClear(int32_t ymin, int32_t ymax);
ST7735.h(195): error:  #20: identifier "int32_t" is undefined
  void ST7735_PlotPoint(int32_t y);
ST7735.h(202): error:  #20: identifier "int32_t" is undefined
  void ST7735_PlotLine(int32_t y);
ST7735.h(210): error:  #20: identifier "int32_t" is undefined
  void ST7735_PlotPoints(int32_t y1,int32_t y2);
ST7735.h(210): error:  #20: identifier "int32_t" is undefined
  void ST7735_PlotPoints(int32_t y1,int32_t y2);
ST7735.h(217): error:  #20: identifier "int32_t" is undefined
  void ST7735_PlotBar(int32_t y);
ST7735.h(225): error:  #20: identifier "int32_t" is undefined
  void ST7735_PlotdBfs(int32_t y);
ST7735.h(300): error:  #20: identifier "uint16_t" is undefined
  void ST7735_SetTextColor(uint16_t color);
ST7735.h(322): error:  #20: identifier "uint32_t" is undefined
  void Output_Color(uint32_t newColor);
Interpreter.c: 0 warnings, 17 errors
".\SDCFile.axf" - 17 Error(s), 4 Warning(s).
Target not created
LUE) ;
ST7735.c(1331): error:  #20: identifier "X" is undefined
      ST7735_DrawPixel(X,   j,   ST7735_BLUE) ;
ST7735.c(1344): error:  #20: identifier "Ymin" is undefined
    if(y1<Ymin) y1=Ymin;
ST7735.c(1345): error:  #20: identifier "Ymax" is undefined
    if(y1>Ymax) y1=Ymax;
ST7735.c(1350): error:  #20: identifier "Ymax" is undefined
    j = 32+(127*(Ymax-y1))/Yrange;
ST7735.c(1353): error:  #20: identifier "X" is undefined
    ST7735_DrawPixel(X, j, ST7735_BLUE);
ST7735.c(1354): error:  #20: identifier "Ymin" is undefined
    if(y2<Ymin) y2=Ymin;
ST7735.c(1368): error:  #20: identifier "Ymin" is undefined
    if(y<Ymin) y=Ymin;
ST7735.c(1369): error:  #20: identifier "Ymax" is undefined
    if(y>Ymax) y=Ymax;
ST7735.c(1374): error:  #20: identifier "Ymax" is undefined
    j = 32+(127*(Ymax-y))/Yrange;
ST7735.c: 2 warnings, 30 errors
assembling OSasm.s...
compiling Interpreter.c...
ST7735.h(129): error:  #20: identifier "uint32_t" is undefined
  uint32_t ST7735_DrawString(uint16_t x, uint16_t y, char *pt, int16_t textColor);
ST7735.h(129): error:  #20: identifier "uint16_t" is undefined
  uint32_t ST7735_DrawString(uint16_t x, uint16_t y, char *pt, int16_t textColor);
ST7735.h(129): error:  #20: identifier "uint16_t" is undefined
  uint32_t ST7735_DrawString(uint16_t x, uint16_t y, char *pt, int16_t textColor);
ST7735.h(129): error:  #20: identifier "int16_t" is undefined
  uint32_t ST7735_DrawString(uint16_t x, uint16_t y, char *pt, int16_t textColor);
ST7735.h(138): error:  #20: identifier "uint32_t" is undefined
  void ST7735_SetCursor(uint32_t newX, uint32_t newY);
ST7735.h(138): error:  #20: identifier "uint32_t" is undefined
  void ST7735_SetCursor(uint32_t newX, uint32_t newY);
ST7735.h(147): error:  #20: identifier "uint32_t" is undefined
  void ST7735_OutUDec(uint32_t n);
ST7735.h(188): error:  #20: identifier "int32_t" is undefined
  void ST7735_PlotClear(int32_t ymin, int32_t ymax);
ST7735.h(188): error:  #20: identifier "int32_t" is undefined
  void ST7735_PlotClear(int32_t ymin, int32_t ymax);
ST7735.h(195): error:  #20: identifier "int32_t" is undefined
  void ST7735_PlotPoint(int32_t y);
ST7735.h(202): error:  #20: identifier "int32_t" is undefined
  void ST7735_PlotLine(int32_t y);
ST7735.h(210): error:  #20: identifier "int32_t" is undefined
  void ST7735_PlotPoints(int32_t y1,int32_t y2);
ST7735.h(210): error:  #20: identifier "int32_t" is undefined
  void ST7735_PlotPoints(int32_t y1,int32_t y2);
ST7735.h(217): error:  #20: identifier "int32_t" is undefined
  void ST7735_PlotBar(int32_t y);
ST7735.h(225): error:  #20: identifier "int32_t" is undefined
  void ST7735_PlotdBfs(int32_t y);
ST7735.h(300): error:  #20: identifier "uint16_t" is undefined
  void ST7735_SetTextColor(uint16_t color);
ST7735.h(322): error:  #20: identifier "uint32_t" is undefined
  void Output_Color(uint32_t newColor);
Interpreter.c: 0 warnings, 17 errors
".\SDCFile.axf" - 47 Error(s), 6 Warning(s).
Target not created
s, 17 errors
".\SDCFile.axf" - 47 Error(s), 6 Warning(s).
Target not created
 errors
".\SDCFile.axf" - 47 Error(s), 6 Warning(s).
Target not created
0 warnings, 17 errors
".\SDCFile.axf" - 47 Error(s), 7 Warning(s).
Target not created
" - 3 Error(s), 39 Warning(s).
Target not created
